c:\users\alulab14.inf.008\desktop\supert-hot-opengl\superhotopengl\debug\vc141.pdb
c:\users\alulab14.inf.008\desktop\supert-hot-opengl\superhotopengl\debug\vc141.idb
c:\users\alulab14.inf.008\desktop\supert-hot-opengl\superhotopengl\debug\image_helper.obj
c:\users\alulab14.inf.008\desktop\supert-hot-opengl\superhotopengl\debug\stb_image_aug.obj
c:\users\alulab14.inf.008\desktop\supert-hot-opengl\superhotopengl\debug\main.obj
c:\users\alulab14.inf.008\desktop\supert-hot-opengl\superhotopengl\debug\settings.obj
c:\users\alulab14.inf.008\desktop\supert-hot-opengl\superhotopengl\debug\camera.obj
c:\users\alulab14.inf.008\desktop\supert-hot-opengl\superhotopengl\debug\model.obj
c:\users\alulab14.inf.008\desktop\lala\supert-hot-opengl\superhotopengl\debug\vc141.pdb
c:\users\alulab14.inf.008\desktop\lala\supert-hot-opengl\superhotopengl\debug\vc141.idb
c:\users\alulab14.inf.008\desktop\lala\supert-hot-opengl\superhotopengl\debug\image_helper.obj
c:\users\alulab14.inf.008\desktop\lala\supert-hot-opengl\superhotopengl\debug\stb_image_aug.obj
c:\users\alulab14.inf.008\desktop\lala\supert-hot-opengl\superhotopengl\debug\main.obj
c:\users\alulab14.inf.008\desktop\lala\supert-hot-opengl\superhotopengl\debug\settings.obj
c:\users\alulab14.inf.008\desktop\lala\supert-hot-opengl\superhotopengl\debug\camera.obj
c:\users\alulab14.inf.008\desktop\lala\supert-hot-opengl\superhotopengl\debug\model.obj
c:\users\alulab14.inf.008\desktop\supert-hot-opengl\debug\superhotopengl.ilk
c:\users\alulab14.inf.008\desktop\supert-hot-opengl\debug\superhotopengl.exe
c:\users\alulab14.inf.008\desktop\supert-hot-opengl\debug\superhotopengl.pdb
c:\users\alulab14.inf.008\desktop\lala\supert-hot-opengl\debug\superhotopengl.ilk
c:\users\alulab14.inf.008\desktop\lala\supert-hot-opengl\debug\superhotopengl.exe
c:\users\alulab14.inf.008\desktop\lala\supert-hot-opengl\debug\superhotopengl.pdb
c:\users\alulab14.inf.008\desktop\lala\supert-hot-opengl\superhotopengl\debug\superhotopengl.tlog\cl.command.1.tlog
c:\users\alulab14.inf.008\desktop\lala\supert-hot-opengl\superhotopengl\debug\superhotopengl.tlog\cl.read.1.tlog
c:\users\alulab14.inf.008\desktop\lala\supert-hot-opengl\superhotopengl\debug\superhotopengl.tlog\cl.write.1.tlog
c:\users\alulab14.inf.008\desktop\lala\supert-hot-opengl\superhotopengl\debug\superhotopengl.tlog\link.command.1.tlog
c:\users\alulab14.inf.008\desktop\lala\supert-hot-opengl\superhotopengl\debug\superhotopengl.tlog\link.read.1.tlog
c:\users\alulab14.inf.008\desktop\lala\supert-hot-opengl\superhotopengl\debug\superhotopengl.tlog\link.write.1.tlog
